#
# A fatal error has been detected by the Java Runtime Environment:
#
#  EXCEPTION_ACCESS_VIOLATION (0xc0000005) at pc=0x0000000053ed8f19, pid=8248, tid=8348
#
# JRE version: 7.0_10-b18
# Java VM: Java HotSpot(TM) 64-Bit Server VM (23.6-b04 mixed mode windows-amd64 compressed oops)
# Problematic frame:
# V  [jvm.dll+0x38f19]
#
# Failed to write core dump. Minidumps are not enabled by default on client versions of Windows
#
# If you would like to submit a bug report, please visit:
#   http://bugreport.sun.com/bugreport/crash.jsp
#

---------------  T H R E A D  ---------------

Current thread (0x000000000c0f2000):  JavaThread "JDWP Transport Listener: dt_socket" daemon [_thread_in_vm, id=8348, stack(0x000000000e6c0000,0x000000000e7c0000)]

siginfo: ExceptionCode=0xc0000005, reading address 0x000000000000000c

Registers:
RAX=0x000000000000000c, RBX=0x000000000c0f2000, RCX=0x0000000000000003, RDX=0x0000000000000000
RSP=0x000000000e7bf310, RBP=0x000000000000000c, RSI=0x0000000000000000, RDI=0x0000000000000010
R8 =0x00000007d5f0c0c0, R9 =0x0000000000000000, R10=0x0000000000000000, R11=0x0000000000000001
R12=0x0000000000000000, R13=0x0000000000000000, R14=0x0000000000000000, R15=0x0000000000000000
RIP=0x0000000053ed8f19, EFLAGS=0x0000000000010246

Top of Stack: (sp=0x000000000e7bf310)
0x000000000e7bf310:   000000000c0f2000 0000000000000000
0x000000000e7bf320:   0000000000000000 000000000c0f2000
0x000000000e7bf330:   0000000000000000 0000000053f976b4
0x000000000e7bf340:   00000007d5f0c0c0 000000000e7bf460
0x000000000e7bf350:   000000000c078678 000000000e7bf430
0x000000000e7bf360:   000000000c0f2000 0000000000000000
0x000000000e7bf370:   000000000c078678 000000000e7bf460
0x000000000e7bf380:   0000000000000000 0000000000000000
0x000000000e7bf390:   000000000c0f21d8 0000000053a77d15
0x000000000e7bf3a0:   000000000e7bf430 000000000e7bf460
0x000000000e7bf3b0:   000000000c078678 000000000c0f21d8
0x000000000e7bf3c0:   000000000f02d30a 0000000053a7f09c
0x000000000e7bf3d0:   0000000053010a01 000000000e7bf4d0
0x000000000e7bf3e0:   000000000c0e5c01 000000000c0e5c01
0x000000000e7bf3f0:   000007d400000013 0000000053010a00
0x000000000e7bf400:   000000000c109fb0 0000000000000000 

Instructions: (pc=0x0000000053ed8f19)
0x0000000053ed8ef9:   d2 48 8b c5 eb 18 48 8b d0 48 8b c5 48 d3 e2 48
0x0000000053ed8f09:   03 15 01 16 62 00 eb 06 48 8b 12 48 8b c7 48 98
0x0000000053ed8f19:   8b 14 10 85 d2 74 2a 45 84 db 4c 63 c6 48 0f 45
0x0000000053ed8f29:   fd 8d 47 0b 48 63 c8 48 83 e1 f8 48 c1 e9 03 8d 


Register to memory mapping:

RAX=0x000000000000000c is an unknown value
RBX=0x000000000c0f2000 is a thread
RCX=0x0000000000000003 is an unknown value
RDX=0x0000000000000000 is an unknown value
RSP=0x000000000e7bf310 is pointing into the stack for thread: 0x000000000c0f2000
RBP=0x000000000000000c is an unknown value
RSI=0x0000000000000000 is an unknown value
RDI=0x0000000000000010 is an unknown value
R8 =0x00000007d5f0c0c0 is an oop
java.lang.String 
 - klass: 'java/lang/String'
R9 =0x0000000000000000 is an unknown value
R10=0x0000000000000000 is an unknown value
R11=0x0000000000000001 is an unknown value
R12=0x0000000000000000 is an unknown value
R13=0x0000000000000000 is an unknown value
R14=0x0000000000000000 is an unknown value
R15=0x0000000000000000 is an unknown value


Stack: [0x000000000e6c0000,0x000000000e7c0000],  sp=0x000000000e7bf310,  free space=1020k
Native frames: (J=compiled Java code, j=interpreted, Vv=VM code, C=native code)
V  [jvm.dll+0x38f19]


---------------  P R O C E S S  ---------------

Java Threads: ( => current thread )
  0x000000000c111800 JavaThread "Service Thread" daemon [_thread_blocked, id=4840, stack(0x000000000ebc0000,0x000000000ecc0000)]
  0x000000000c10e800 JavaThread "C2 CompilerThread1" daemon [_thread_blocked, id=7372, stack(0x000000000eac0000,0x000000000ebc0000)]
  0x000000000c10a800 JavaThread "C2 CompilerThread0" daemon [_thread_blocked, id=5464, stack(0x000000000e9c0000,0x000000000eac0000)]
  0x000000000c0fd000 JavaThread "JDWP Command Reader" daemon [_thread_in_native, id=4124, stack(0x000000000e8c0000,0x000000000e9c0000)]
  0x000000000c0fc000 JavaThread "JDWP Event Helper Thread" daemon [_thread_blocked, id=5444, stack(0x000000000e7c0000,0x000000000e8c0000)]
=>0x000000000c0f2000 JavaThread "JDWP Transport Listener: dt_socket" daemon [_thread_in_vm, id=8348, stack(0x000000000e6c0000,0x000000000e7c0000)]
  0x000000000c0e9800 JavaThread "Attach Listener" daemon [_thread_blocked, id=4668, stack(0x000000000e1e0000,0x000000000e2e0000)]
  0x000000000c0e5000 JavaThread "Signal Dispatcher" daemon [_thread_blocked, id=7556, stack(0x000000000e0e0000,0x000000000e1e0000)]
  0x000000000c080000 JavaThread "Finalizer" daemon [_thread_blocked, id=4424, stack(0x000000000dfe0000,0x000000000e0e0000)]
  0x000000000c079800 JavaThread "Reference Handler" daemon [_thread_blocked, id=4104, stack(0x000000000dee0000,0x000000000dfe0000)]
  0x0000000002c70800 JavaThread "main" [_thread_blocked, id=1040, stack(0x0000000002af0000,0x0000000002bf0000)]

Other Threads:
  0x000000000c072800 VMThread [stack: 0x000000000dde0000,0x000000000dee0000] [id=7972]
  0x000000000f028800 WatcherThread [stack: 0x000000000ecc0000,0x000000000edc0000] [id=2940]

VM state:not at safepoint (normal execution)

VM Mutex/Monitor currently owned by a thread: None

Heap
 PSYoungGen      total 37696K, used 1292K [0x00000007d5eb0000, 0x00000007d88c0000, 0x0000000800000000)
  eden space 32320K, 4% used [0x00000007d5eb0000,0x00000007d5ff33b8,0x00000007d7e40000)
  from space 5376K, 0% used [0x00000007d8380000,0x00000007d8380000,0x00000007d88c0000)
  to   space 5376K, 0% used [0x00000007d7e40000,0x00000007d7e40000,0x00000007d8380000)
 ParOldGen       total 86208K, used 0K [0x0000000781c00000, 0x0000000787030000, 0x00000007d5eb0000)
  object space 86208K, 0% used [0x0000000781c00000,0x0000000781c00000,0x0000000787030000)
 PSPermGen       total 21248K, used 2488K [0x000000077ca00000, 0x000000077dec0000, 0x0000000781c00000)
  object space 21248K, 11% used [0x000000077ca00000,0x000000077cc6e110,0x000000077dec0000)

Card table byte_map: [0x0000000005e30000,0x0000000006250000] byte_map_base: 0x000000000224b000

Polling page: 0x00000000028f0000

Code Cache  [0x0000000002d70000, 0x0000000002fe0000, 0x0000000005d70000)
 total_blobs=155 nmethods=0 adapters=130 free_code_cache=48778Kb largest_free_block=49948992

Compilation events (0 events):
No events

GC Heap History (0 events):
No events

Deoptimization events (0 events):
No events

Internal exceptions (4 events):
Event: 0.021 Thread 0x0000000002c70800 Threw 0x00000007d5eb61a8 at C:\jdk7u2_64p\jdk7u10\hotspot\src\share\vm\prims\jni.cpp:3994
Event: 0.110 Thread 0x0000000002c70800 Threw 0x00000007d5f02550 at C:\jdk7u2_64p\jdk7u10\hotspot\src\share\vm\prims\jvm.cpp:1166
Event: 0.114 Thread 0x0000000002c70800 Threw 0x00000007d5f072b8 at C:\jdk7u2_64p\jdk7u10\hotspot\src\share\vm\prims\jvm.cpp:1166
Event: 0.115 Thread 0x0000000002c70800 Threw 0x00000007d5f08ab8 at C:\jdk7u2_64p\jdk7u10\hotspot\src\share\vm\prims\jvm.cpp:1166

Events (10 events):
Event: 28.650 Executing VM operation: GetOrSetLocal
Event: 28.650 Executing VM operation: GetOrSetLocal done
Event: 28.671 Executing VM operation: GetOrSetLocal
Event: 28.671 Executing VM operation: GetOrSetLocal done
Event: 28.672 Executing VM operation: GetOrSetLocal
Event: 28.672 Executing VM operation: GetOrSetLocal done
Event: 29.077 Executing VM operation: RevokeBias
Event: 29.077 Executing VM operation: RevokeBias done
Event: 29.098 Executing VM operation: GetOrSetLocal
Event: 29.098 Executing VM operation: GetOrSetLocal done


Dynamic libraries:
0x000007f7c21b0000 - 0x000007f7c21e3000 	C:\Program Files\Java\jdk1.7.0_10\bin\javaw.exe
0x000007fd37700000 - 0x000007fd378be000 	C:\Windows\SYSTEM32\ntdll.dll
0x000007fd34ee0000 - 0x000007fd35016000 	C:\Windows\system32\KERNEL32.DLL
0x000007fd349f0000 - 0x000007fd34ae3000 	C:\Windows\system32\KERNELBASE.dll
0x000007fd37570000 - 0x000007fd3764e000 	C:\Windows\system32\ADVAPI32.dll
0x000007fd359b0000 - 0x000007fd35afc000 	C:\Windows\system32\USER32.dll
0x000007fd32060000 - 0x000007fd322c9000 	C:\Windows\WinSxS\amd64_microsoft.windows.common-controls_6595b64144ccf1df_6.0.9200.16384_none_418c2a697189c07f\COMCTL32.dll
0x000007fd372b0000 - 0x000007fd37355000 	C:\Windows\system32\msvcrt.dll
0x000007fd35020000 - 0x000007fd35068000 	C:\Windows\SYSTEM32\sechost.dll
0x000007fd34b70000 - 0x000007fd34cb0000 	C:\Windows\system32\RPCRT4.dll
0x000007fd35210000 - 0x000007fd35350000 	C:\Windows\system32\GDI32.dll
0x000007fd37270000 - 0x000007fd372a9000 	C:\Windows\system32\IMM32.DLL
0x000007fd35670000 - 0x000007fd35785000 	C:\Windows\system32\MSCTF.dll
0x000007fd34610000 - 0x000007fd34618000 	C:\PROGRA~2\NVIDIA~1\3DVISI~1\NVSTIN~1.DLL
0x000007fd37560000 - 0x000007fd37567000 	C:\Windows\system32\PSAPI.DLL
0x0000000056c30000 - 0x0000000056cd3000 	C:\Windows\WinSxS\amd64_microsoft.vc90.crt_1fc8b3b9a1e18e3b_9.0.30729.6871_none_08e717a5a83adddf\MSVCR90.dll
0x000007fd34510000 - 0x000007fd34550000 	C:\Windows\system32\nvinitx.dll
0x000000000f000000 - 0x000000000f006000 	C:\Program Files\NVIDIA Corporation\CoProcManager\detoured.dll
0x000007fd32310000 - 0x000007fd32364000 	C:\Program Files\NVIDIA Corporation\CoProcManager\nvd3d9wrapx.dll
0x000007fd36df0000 - 0x000007fd36fc0000 	C:\Windows\system32\SETUPAPI.dll
0x000007fd34af0000 - 0x000007fd34b3f000 	C:\Windows\system32\CFGMGR32.dll
0x000007fd34b40000 - 0x000007fd34b62000 	C:\Windows\system32\DEVOBJ.dll
0x000007fd31f40000 - 0x000007fd31f83000 	C:\Program Files\NVIDIA Corporation\CoProcManager\nvdxgiwrapx.dll
0x0000000053d20000 - 0x0000000053df1000 	C:\Program Files\Java\jdk1.7.0_10\jre\bin\msvcr100.dll
0x0000000053ea0000 - 0x00000000545bf000 	C:\Program Files\Java\jdk1.7.0_10\jre\bin\server\jvm.dll
0x000007fd2b630000 - 0x000007fd2b639000 	C:\Windows\SYSTEM32\WSOCK32.dll
0x000007fd30150000 - 0x000007fd30170000 	C:\Windows\SYSTEM32\WINMM.dll
0x000007fd37500000 - 0x000007fd37558000 	C:\Windows\system32\WS2_32.dll
0x000007fd300f0000 - 0x000007fd30122000 	C:\Windows\SYSTEM32\WINMMBASE.dll
0x000007fd374e0000 - 0x000007fd374e9000 	C:\Windows\system32\NSI.dll
0x0000000053e90000 - 0x0000000053e9f000 	C:\Program Files\Java\jdk1.7.0_10\jre\bin\verify.dll
0x0000000053e60000 - 0x0000000053e88000 	C:\Program Files\Java\jdk1.7.0_10\jre\bin\java.dll
0x0000000053a70000 - 0x0000000053aa5000 	C:\Program Files\Java\jdk1.7.0_10\jre\bin\jdwp.dll
0x0000000053a60000 - 0x0000000053a68000 	C:\Program Files\Java\jdk1.7.0_10\jre\bin\npt.dll
0x0000000053e40000 - 0x0000000053e55000 	C:\Program Files\Java\jdk1.7.0_10\jre\bin\zip.dll
0x0000000053a50000 - 0x0000000053a59000 	C:\Program Files\Java\jdk1.7.0_10\jre\bin\dt_socket.dll
0x000007fd2a0b0000 - 0x000007fd2a0c4000 	C:\Windows\system32\napinsp.dll
0x000007fd2a150000 - 0x000007fd2a168000 	C:\Windows\system32\pnrpnsp.dll
0x000007fd32fe0000 - 0x000007fd32ff6000 	C:\Windows\system32\NLAapi.dll
0x000007fd33e20000 - 0x000007fd33e7c000 	C:\Windows\System32\mswsock.dll
0x000007fd33c60000 - 0x000007fd33cf8000 	C:\Windows\SYSTEM32\DNSAPI.dll
0x000007fd2a170000 - 0x000007fd2a182000 	C:\Windows\System32\winrnr.dll
0x000007fd2a190000 - 0x000007fd2a1a4000 	C:\Windows\system32\wshbth.dll
0x000007fd2f010000 - 0x000007fd2f06f000 	C:\Windows\System32\fwpuclnt.dll
0x000007fd2a060000 - 0x000007fd2a068000 	C:\Windows\System32\rasadhlp.dll
0x000007fd26ef0000 - 0x000007fd27053000 	C:\Windows\SYSTEM32\dbghelp.dll

VM Arguments:
jvm_args: -agentlib:jdwp=transport=dt_socket,suspend=y,address=localhost:63485 -Dfile.encoding=Cp1252 
java_command: cim.entry.Client
Launcher Type: SUN_STANDARD

Environment Variables:
PATH=C:\Program Files\Java\jdk1.7.0_10\jre\bin;C:/Program Files/Java/jdk1.7.0_10/bin/../jre/bin/server;C:/Program Files/Java/jdk1.7.0_10/bin/../jre/bin;C:/Program Files/Java/jdk1.7.0_10/bin/../jre/lib/amd64;C:\Program Files (x86)\Intel\iCLS Client\;C:\Program Files\Intel\iCLS Client\;C:\Program Files (x86)\NVIDIA Corporation\PhysX\Common;C:\Windows\system32;C:\Windows;C:\Windows\System32\Wbem;C:\Windows\System32\WindowsPowerShell\v1.0\;C:\Program Files (x86)\Intel\OpenCL SDK\2.0\bin\x86;C:\Program Files (x86)\Intel\OpenCL SDK\2.0\bin\x64;C:\Program Files\Intel\WiFi\bin\;C:\Program Files\Common Files\Intel\WirelessCommon\;C:\Program Files\Intel\Intel(R) Management Engine Components\DAL;C:\Program Files\Intel\Intel(R) Management Engine Components\IPT;C:\Program Files (x86)\Intel\Intel(R) Management Engine Components\DAL;C:\Program Files (x86)\Intel\Intel(R) Management Engine Components\IPT;C:\Program Files\nodejs\;C:\Program Files\TortoiseSVN\bin;C:\Program Files (x86)\Microsoft SQL Server\100\Tools\Binn\;C:\Program Files\Microsoft SQL Server\100\Tools\Binn\;C:\Program Files\Microsoft SQL Server\100\DTS\Binn\;C:\Program Files (x86)\Microsoft SQL Server\110\Tools\Binn\ManagementStudio\;C:\Program Files (x86)\Microsoft SQL Server\110\Tools\Binn\;C:\Program Files\Microsoft SQL Server\110\Tools\Binn\;C:\Program Files (x86)\Microsoft SQL Server\110\DTS\Binn\;C:\Program Files (x86)\Microsoft Visual Studio 10.0\VC\bin;D:\GisInternals\lib;C:\Python27\Lib\site-packages\django-1.4.3-py2.7.egg\django\bin;C:\Users\H†kon\AppData\Roaming\npm\;C:\Program Files (x86)\OpenVPN\bin;D:\eclipse;
USERNAME=H†kon
OS=Windows_NT
PROCESSOR_IDENTIFIER=Intel64 Family 6 Model 58 Stepping 9, GenuineIntel



---------------  S Y S T E M  ---------------

OS: Windows 8 , 64 bit Build 9200 

CPU:total 8 (4 cores per cpu, 2 threads per core) family 6 model 58 stepping 9, cmov, cx8, fxsr, mmx, sse, sse2, sse3, ssse3, sse4.1, sse4.2, popcnt, avx, ht, tsc, tscinvbit, tscinv

Memory: 4k page, physical 8271272k(4412624k free), swap 9516456k(3880844k free)

vm_info: Java HotSpot(TM) 64-Bit Server VM (23.6-b04) for windows-amd64 JRE (1.7.0_10-b18), built on Nov 28 2012 05:00:40 by "java_re" with unknown MS VC++:1600

time: Tue Mar 19 10:06:58 2013
elapsed time: 29 seconds

